<?xml version="1.0" encoding="UTF-8"?>
<robot generator="Robot 7.4.1 (Python 3.13.12 on win32)" generated="2026-02-21T00:18:01.691811" rpa="false" schemaversion="5">
<suite id="s1" name="Data" source="C:\Data">
<suite id="s1-s1" name="RobotFrame" source="C:\Data\RobotFrame">
<suite id="s1-s1-s1" name="Hotel" source="C:\Data\RobotFrame\Hotel.robot">
<test id="s1-s1-s1-t1" name="Valid Booking Form Submission" line="11">
<kw name="Open Browser CU Hotel" owner="KeywordsHotel">
<kw name="Open Browser" owner="SeleniumLibrary">
<msg time="2026-02-21T00:18:01.911149" level="INFO">Opening browser 'chrome' to base url 'https://panaryco.wixsite.com/myhotel?utm_source=chatgpt.com'.</msg>
<arg>${WEB_URL}</arg>
<arg>${BROWSER}</arg>
<doc>Opens a new browser instance to the optional ``url``.</doc>
<status status="PASS" start="2026-02-21T00:18:01.910710" elapsed="1.405404"/>
</kw>
<kw name="Maximize Browser Window" owner="SeleniumLibrary">
<doc>Maximizes current browser window.</doc>
<status status="PASS" start="2026-02-21T00:18:03.316398" elapsed="0.035777"/>
</kw>
<kw name="Sleep" owner="BuiltIn">
<msg time="2026-02-21T00:18:06.353838" level="INFO">Slept 3 seconds.</msg>
<arg>3s</arg>
<doc>Pauses the test executed for the given time.</doc>
<status status="PASS" start="2026-02-21T00:18:03.352409" elapsed="3.002546"/>
</kw>
<status status="PASS" start="2026-02-21T00:18:01.909697" elapsed="4.445669"/>
</kw>
<kw name="Input Firstname" owner="KeywordsHotel">
<kw name="Input Text" owner="SeleniumLibrary">
<msg time="2026-02-21T00:18:06.359628" level="INFO">Typing text 'John' into text field 'id=input_comp-lt33fcq41'.</msg>
<arg>${FNAME_LOC}</arg>
<arg>${name}</arg>
<doc>Types the given ``text`` into the text field identified by ``locator``.</doc>
<status status="PASS" start="2026-02-21T00:18:06.358349" elapsed="0.091528"/>
</kw>
<arg>${NAME}</arg>
<status status="PASS" start="2026-02-21T00:18:06.356652" elapsed="0.093419"/>
</kw>
<kw name="Input Lastname" owner="KeywordsHotel">
<kw name="Input Text" owner="SeleniumLibrary">
<msg time="2026-02-21T00:18:06.451719" level="INFO">Typing text 'Smith' into text field 'id=input_comp-lt33fcs1'.</msg>
<arg>${LNAME_LOC}</arg>
<arg>${lname}</arg>
<doc>Types the given ``text`` into the text field identified by ``locator``.</doc>
<status status="PASS" start="2026-02-21T00:18:06.451248" elapsed="0.079534"/>
</kw>
<arg>${LNAME}</arg>
<status status="PASS" start="2026-02-21T00:18:06.450450" elapsed="0.080523"/>
</kw>
<kw name="Input Email" owner="KeywordsHotel">
<kw name="Input Text" owner="SeleniumLibrary">
<msg time="2026-02-21T00:18:06.532304" level="INFO">Typing text 'john@mail.com' into text field 'id=input_comp-lt33fcsf1'.</msg>
<arg>${EMAIL_LOC}</arg>
<arg>${mail}</arg>
<doc>Types the given ``text`` into the text field identified by ``locator``.</doc>
<status status="PASS" start="2026-02-21T00:18:06.531955" elapsed="0.069671"/>
</kw>
<arg>${EMAIL}</arg>
<status status="PASS" start="2026-02-21T00:18:06.531346" elapsed="0.070488"/>
</kw>
<kw name="Input Telephone" owner="KeywordsHotel">
<kw name="Input Text" owner="SeleniumLibrary">
<msg time="2026-02-21T00:18:06.603402" level="INFO">Typing text '0878769861' into text field 'id=input_comp-lt33fcsi1'.</msg>
<arg>${TEL_LOC}</arg>
<arg>${tel}</arg>
<doc>Types the given ``text`` into the text field identified by ``locator``.</doc>
<status status="PASS" start="2026-02-21T00:18:06.603046" elapsed="0.061808"/>
</kw>
<arg>${TELPHONE}</arg>
<status status="PASS" start="2026-02-21T00:18:06.602322" elapsed="0.062759"/>
</kw>
<kw name="Input Notes" owner="KeywordsHotel">
<kw name="Input Text" owner="SeleniumLibrary">
<msg time="2026-02-21T00:18:06.666778" level="INFO">Typing text 'Quiet room please' into text field 'id=input_comp-lt33fct3'.</msg>
<arg>${NOTES_LOC}</arg>
<arg>${notes}</arg>
<doc>Types the given ``text`` into the text field identified by ``locator``.</doc>
<status status="PASS" start="2026-02-21T00:18:06.666394" elapsed="0.074579"/>
</kw>
<arg>${NOTES_TXT}</arg>
<status status="PASS" start="2026-02-21T00:18:06.665753" elapsed="0.075385"/>
</kw>
<kw name="Input Amount People" owner="KeywordsHotel">
<kw name="Select From List By Value" owner="SeleniumLibrary">
<msg time="2026-02-21T00:18:06.742519" level="INFO">Selecting options from selection list 'id=collection_comp-lt33fcsl1' by value 2.</msg>
<arg>${ADULTS_LOC}</arg>
<arg>${amount}</arg>
<doc>Selects options from selection list ``locator`` by ``values``.</doc>
<status status="PASS" start="2026-02-21T00:18:06.742122" elapsed="0.052095"/>
</kw>
<arg>2</arg>
<status status="PASS" start="2026-02-21T00:18:06.741555" elapsed="0.052842"/>
</kw>
<kw name="Click &quot;No&quot; Pet" owner="KeywordsHotel">
<kw name="Click Element" owner="SeleniumLibrary">
<msg time="2026-02-21T00:18:06.795671" level="INFO">Clicking element 'xpath=//label[.//input[@value='No']]'.</msg>
<arg>xpath=//label[.//input[@value='No']]</arg>
<doc>Click the element identified by ``locator``.</doc>
<status status="PASS" start="2026-02-21T00:18:06.795354" elapsed="0.046486"/>
</kw>
<status status="PASS" start="2026-02-21T00:18:06.794786" elapsed="0.047237"/>
</kw>
<kw name="Click I accepted term" owner="KeywordsHotel">
<kw name="Click Element" owner="SeleniumLibrary">
<msg time="2026-02-21T00:18:06.843297" level="INFO">Clicking element 'xpath=//*[@class='cCdhN7']'.</msg>
<arg>${ACCEPT_TERMS_LOC}</arg>
<doc>Click the element identified by ``locator``.</doc>
<status status="PASS" start="2026-02-21T00:18:06.842977" elapsed="0.048037"/>
</kw>
<status status="PASS" start="2026-02-21T00:18:06.842435" elapsed="0.048798"/>
</kw>
<kw name="Click Submit" owner="KeywordsHotel">
<kw name="Wait Until Element Is Visible" owner="SeleniumLibrary">
<arg>${SUBMIT_LOC}</arg>
<arg>20s</arg>
<doc>Waits until the element ``locator`` is visible.</doc>
<status status="PASS" start="2026-02-21T00:18:06.892525" elapsed="0.014867"/>
</kw>
<kw name="Click Element" owner="SeleniumLibrary">
<msg time="2026-02-21T00:18:06.908286" level="INFO">Clicking element 'xpath=//*[text()='Submit']'.</msg>
<arg>${SUBMIT_LOC}</arg>
<doc>Click the element identified by ``locator``.</doc>
<status status="PASS" start="2026-02-21T00:18:06.907685" elapsed="0.061829"/>
</kw>
<status status="PASS" start="2026-02-21T00:18:06.892031" elapsed="0.077739"/>
</kw>
<kw name="Close All Browsers" owner="SeleniumLibrary" type="TEARDOWN">
<doc>Closes all open browsers and resets the browser cache.</doc>
<status status="PASS" start="2026-02-21T00:18:06.970378" elapsed="2.190113"/>
</kw>
<status status="PASS" start="2026-02-21T00:18:01.907170" elapsed="7.253671"/>
</test>
<test id="s1-s1-s1-t2" name="Empty Form Validation" line="27">
<kw name="Open Browser CU Hotel" owner="KeywordsHotel">
<kw name="Open Browser" owner="SeleniumLibrary">
<msg time="2026-02-21T00:18:09.173883" level="INFO">Opening browser 'chrome' to base url 'https://panaryco.wixsite.com/myhotel?utm_source=chatgpt.com'.</msg>
<arg>${WEB_URL}</arg>
<arg>${BROWSER}</arg>
<doc>Opens a new browser instance to the optional ``url``.</doc>
<status status="PASS" start="2026-02-21T00:18:09.173309" elapsed="1.177759"/>
</kw>
<kw name="Maximize Browser Window" owner="SeleniumLibrary">
<doc>Maximizes current browser window.</doc>
<status status="PASS" start="2026-02-21T00:18:10.351405" elapsed="0.025841"/>
</kw>
<kw name="Sleep" owner="BuiltIn">
<msg time="2026-02-21T00:18:13.379271" level="INFO">Slept 3 seconds.</msg>
<arg>3s</arg>
<doc>Pauses the test executed for the given time.</doc>
<status status="PASS" start="2026-02-21T00:18:10.377521" elapsed="3.002824"/>
</kw>
<status status="PASS" start="2026-02-21T00:18:09.172567" elapsed="4.208175"/>
</kw>
<kw name="Click Submit" owner="KeywordsHotel">
<kw name="Wait Until Element Is Visible" owner="SeleniumLibrary">
<arg>${SUBMIT_LOC}</arg>
<arg>20s</arg>
<doc>Waits until the element ``locator`` is visible.</doc>
<status status="PASS" start="2026-02-21T00:18:13.383331" elapsed="0.026722"/>
</kw>
<kw name="Click Element" owner="SeleniumLibrary">
<msg time="2026-02-21T00:18:13.411401" level="INFO">Clicking element 'xpath=//*[text()='Submit']'.</msg>
<arg>${SUBMIT_LOC}</arg>
<doc>Click the element identified by ``locator``.</doc>
<status status="PASS" start="2026-02-21T00:18:13.410403" elapsed="0.064070"/>
</kw>
<status status="PASS" start="2026-02-21T00:18:13.381920" elapsed="0.092745"/>
</kw>
<kw name="Check Firstname is" owner="KeywordsHotel">
<kw name="Set Variable If" owner="BuiltIn">
<msg time="2026-02-21T00:18:13.476692" level="INFO">${expected} = true</msg>
<var>${expected}</var>
<arg>'${state}' == 'valid'</arg>
<arg>false</arg>
<arg>true</arg>
<doc>Sets variable based on the given condition.</doc>
<status status="PASS" start="2026-02-21T00:18:13.475937" elapsed="0.000968"/>
</kw>
<kw name="Check Textbox Invalid State" owner="KeywordsHotel">
<kw name="Get Element Attribute" owner="SeleniumLibrary">
<msg time="2026-02-21T00:18:13.504212" level="INFO">${result} = true</msg>
<var>${result}</var>
<arg>${locator}</arg>
<arg>aria-invalid</arg>
<doc>Returns the value of ``attribute`` from the element ``locator``.</doc>
<status status="PASS" start="2026-02-21T00:18:13.477815" elapsed="0.026578"/>
</kw>
<kw name="Should Be Equal" owner="BuiltIn">
<arg>${result}</arg>
<arg>${expected}</arg>
<arg>Validation mismatch</arg>
<doc>Fails if the given objects are unequal.</doc>
<status status="PASS" start="2026-02-21T00:18:13.504600" elapsed="0.001195"/>
</kw>
<arg>${FNAME_LOC}</arg>
<arg>${expected}</arg>
<status status="PASS" start="2026-02-21T00:18:13.477157" elapsed="0.028851"/>
</kw>
<arg>invalid</arg>
<status status="PASS" start="2026-02-21T00:18:13.475134" elapsed="0.031165"/>
</kw>
<kw name="Check Lastname is" owner="KeywordsHotel">
<kw name="Set Variable If" owner="BuiltIn">
<msg time="2026-02-21T00:18:13.509047" level="INFO">${expected} = true</msg>
<var>${expected}</var>
<arg>'${state}' == 'valid'</arg>
<arg>false</arg>
<arg>true</arg>
<doc>Sets variable based on the given condition.</doc>
<status status="PASS" start="2026-02-21T00:18:13.507934" elapsed="0.001458"/>
</kw>
<kw name="Check Textbox Invalid State" owner="KeywordsHotel">
<kw name="Get Element Attribute" owner="SeleniumLibrary">
<msg time="2026-02-21T00:18:13.521267" level="INFO">${result} = true</msg>
<var>${result}</var>
<arg>${locator}</arg>
<arg>aria-invalid</arg>
<doc>Returns the value of ``attribute`` from the element ``locator``.</doc>
<status status="PASS" start="2026-02-21T00:18:13.510121" elapsed="0.011299"/>
</kw>
<kw name="Should Be Equal" owner="BuiltIn">
<arg>${result}</arg>
<arg>${expected}</arg>
<arg>Validation mismatch</arg>
<doc>Fails if the given objects are unequal.</doc>
<status status="PASS" start="2026-02-21T00:18:13.521624" elapsed="0.000623"/>
</kw>
<arg>${LNAME_LOC}</arg>
<arg>${expected}</arg>
<status status="PASS" start="2026-02-21T00:18:13.509635" elapsed="0.012763"/>
</kw>
<arg>invalid</arg>
<status status="PASS" start="2026-02-21T00:18:13.507088" elapsed="0.015429"/>
</kw>
<kw name="Check Email is" owner="KeywordsHotel">
<kw name="Set Variable If" owner="BuiltIn">
<msg time="2026-02-21T00:18:13.524132" level="INFO">${expected} = true</msg>
<var>${expected}</var>
<arg>'${state}' == 'valid'</arg>
<arg>false</arg>
<arg>true</arg>
<doc>Sets variable based on the given condition.</doc>
<status status="PASS" start="2026-02-21T00:18:13.523633" elapsed="0.000749"/>
</kw>
<kw name="Check Textbox Invalid State" owner="KeywordsHotel">
<kw name="Get Element Attribute" owner="SeleniumLibrary">
<msg time="2026-02-21T00:18:13.539594" level="INFO">${result} = true</msg>
<var>${result}</var>
<arg>${locator}</arg>
<arg>aria-invalid</arg>
<doc>Returns the value of ``attribute`` from the element ``locator``.</doc>
<status status="PASS" start="2026-02-21T00:18:13.525017" elapsed="0.014884"/>
</kw>
<kw name="Should Be Equal" owner="BuiltIn">
<arg>${result}</arg>
<arg>${expected}</arg>
<arg>Validation mismatch</arg>
<doc>Fails if the given objects are unequal.</doc>
<status status="PASS" start="2026-02-21T00:18:13.540118" elapsed="0.000651"/>
</kw>
<arg>${EMAIL_LOC}</arg>
<arg>${expected}</arg>
<status status="PASS" start="2026-02-21T00:18:13.524570" elapsed="0.016409"/>
</kw>
<arg>invalid</arg>
<status status="PASS" start="2026-02-21T00:18:13.522982" elapsed="0.018145"/>
</kw>
<kw name="Check Telephone is" owner="KeywordsHotel">
<kw name="Set Variable If" owner="BuiltIn">
<msg time="2026-02-21T00:18:13.542517" level="INFO">${expected} = true</msg>
<var>${expected}</var>
<arg>'${state}' == 'valid'</arg>
<arg>false</arg>
<arg>true</arg>
<doc>Sets variable based on the given condition.</doc>
<status status="PASS" start="2026-02-21T00:18:13.542011" elapsed="0.000730"/>
</kw>
<kw name="Check Textbox Invalid State" owner="KeywordsHotel">
<kw name="Get Element Attribute" owner="SeleniumLibrary">
<msg time="2026-02-21T00:18:13.557159" level="INFO">${result} = true</msg>
<var>${result}</var>
<arg>${locator}</arg>
<arg>aria-invalid</arg>
<doc>Returns the value of ``attribute`` from the element ``locator``.</doc>
<status status="PASS" start="2026-02-21T00:18:13.543664" elapsed="0.013663"/>
</kw>
<kw name="Should Be Equal" owner="BuiltIn">
<arg>${result}</arg>
<arg>${expected}</arg>
<arg>Validation mismatch</arg>
<doc>Fails if the given objects are unequal.</doc>
<status status="PASS" start="2026-02-21T00:18:13.557531" elapsed="0.000675"/>
</kw>
<arg>${TEL_LOC}</arg>
<arg>${expected}</arg>
<status status="PASS" start="2026-02-21T00:18:13.543017" elapsed="0.015323"/>
</kw>
<arg>invalid</arg>
<status status="PASS" start="2026-02-21T00:18:13.541524" elapsed="0.016895"/>
</kw>
<kw name="Check Number of Adults is" owner="KeywordsHotel">
<kw name="Set Variable If" owner="BuiltIn">
<msg time="2026-02-21T00:18:13.559984" level="INFO">${expected} = true</msg>
<var>${expected}</var>
<arg>'${state}' == 'valid'</arg>
<arg>false</arg>
<arg>true</arg>
<doc>Sets variable based on the given condition.</doc>
<status status="PASS" start="2026-02-21T00:18:13.559334" elapsed="0.000816"/>
</kw>
<kw name="Get Element Attribute" owner="SeleniumLibrary">
<msg time="2026-02-21T00:18:13.573290" level="INFO">${actual} = true</msg>
<var>${actual}</var>
<arg>${ADULTS_LOC}</arg>
<arg>aria-invalid</arg>
<doc>Returns the value of ``attribute`` from the element ``locator``.</doc>
<status status="PASS" start="2026-02-21T00:18:13.560347" elapsed="0.013107"/>
</kw>
<kw name="Should Be Equal" owner="BuiltIn">
<arg>${actual}</arg>
<arg>${expected}</arg>
<doc>Fails if the given objects are unequal.</doc>
<status status="PASS" start="2026-02-21T00:18:13.573673" elapsed="0.000870"/>
</kw>
<arg>invalid</arg>
<status status="PASS" start="2026-02-21T00:18:13.558777" elapsed="0.016026"/>
</kw>
<kw name="Check Accept Terms is" owner="KeywordsHotel">
<kw name="Set Variable If" owner="BuiltIn">
<msg time="2026-02-21T00:18:13.577017" level="INFO">${expected} = false</msg>
<var>${expected}</var>
<arg>'${state}' == 'valid'</arg>
<arg>true</arg>
<arg>false</arg>
<doc>Sets variable based on the given condition.</doc>
<status status="PASS" start="2026-02-21T00:18:13.576077" elapsed="0.001179"/>
</kw>
<kw name="Get Element Attribute" owner="SeleniumLibrary">
<msg time="2026-02-21T00:18:13.590347" level="INFO">${checked} = None</msg>
<var>${checked}</var>
<arg>${ACCEPT_TERMS_LOC}</arg>
<arg>checked</arg>
<doc>Returns the value of ``attribute`` from the element ``locator``.</doc>
<status status="PASS" start="2026-02-21T00:18:13.577508" elapsed="0.013108"/>
</kw>
<kw name="Set Variable If" owner="BuiltIn">
<msg time="2026-02-21T00:18:13.591482" level="INFO">${actual} = false</msg>
<var>${actual}</var>
<arg>'${checked}' == 'None'</arg>
<arg>false</arg>
<arg>true</arg>
<doc>Sets variable based on the given condition.</doc>
<status status="PASS" start="2026-02-21T00:18:13.590837" elapsed="0.000789"/>
</kw>
<kw name="Should Be Equal" owner="BuiltIn">
<arg>${actual}</arg>
<arg>${expected}</arg>
<doc>Fails if the given objects are unequal.</doc>
<status status="PASS" start="2026-02-21T00:18:13.591807" elapsed="0.000437"/>
</kw>
<arg>invalid</arg>
<status status="PASS" start="2026-02-21T00:18:13.575258" elapsed="0.017141"/>
</kw>
<kw name="Close All Browsers" owner="SeleniumLibrary" type="TEARDOWN">
<doc>Closes all open browsers and resets the browser cache.</doc>
<status status="PASS" start="2026-02-21T00:18:13.592837" elapsed="2.167830"/>
</kw>
<status status="PASS" start="2026-02-21T00:18:09.165816" elapsed="6.596201"/>
</test>
<status status="PASS" start="2026-02-21T00:18:01.743329" elapsed="14.025989"/>
</suite>
<status status="PASS" start="2026-02-21T00:18:01.739113" elapsed="14.037819"/>
</suite>
<status status="PASS" start="2026-02-21T00:18:01.697392" elapsed="14.087380"/>
</suite>
<statistics>
<total>
<stat pass="2" fail="0" skip="0">All Tests</stat>
</total>
<tag>
</tag>
<suite>
<stat name="Data" id="s1" pass="2" fail="0" skip="0">Data</stat>
<stat name="RobotFrame" id="s1-s1" pass="2" fail="0" skip="0">Data.RobotFrame</stat>
<stat name="Hotel" id="s1-s1-s1" pass="2" fail="0" skip="0">Data.RobotFrame.Hotel</stat>
</suite>
</statistics>
<errors>
</errors>
</robot>
